<?xml version="1.0" encoding="UTF-8"?>
<!-- Generated by org.testng.reporters.JUnitXMLReporter -->
<testsuite hostname="DESKTOP-NQ15T5F" ignored="0" name="Default test" tests="3" failures="0" timestamp="06 Jul 2019 07:03:50 GMT" time="35.306" errors="0">
  <testcase name="test1" time="6.638" classname="com.automationcicd.DemoProject.TestClass"/>
  <testcase name="test2" time="6.377" classname="com.automationcicd.DemoProject.TestClass"/>
  <testcase name="test3" time="10.628" classname="com.automationcicd.DemoProject.TestClass"/>
</testsuite> <!-- Default test -->
