<?xml version="1.0" encoding="UTF-8"?>
<!-- Generated by org.testng.reporters.JUnitXMLReporter -->
<testsuite hostname="DESKTOP-NQ15T5F" ignored="0" name="Test" tests="3" failures="0" timestamp="07 Jul 2019 16:01:03 GMT" time="40.291" errors="0">
  <testcase name="test1" time="12.917" classname="com.automationcicd.DemoProject.TestClass"/>
  <testcase name="test2" time="8.18" classname="com.automationcicd.DemoProject.TestClass"/>
  <testcase name="test3" time="8.156" classname="com.automationcicd.DemoProject.TestClass"/>
</testsuite> <!-- Test -->
