<?xml version="1.0" encoding="UTF-8"?>
<!-- Generated by org.testng.reporters.JUnitXMLReporter -->
<testsuite hostname="DESKTOP-NQ15T5F" ignored="0" name="Test" tests="3" failures="0" timestamp="07 Jul 2019 15:15:36 GMT" time="96.203" errors="0">
  <testcase name="test1" time="8.787" classname="com.automationcicd.DemoProject.TestClass"/>
  <testcase name="test2" time="10.263" classname="com.automationcicd.DemoProject.TestClass"/>
  <testcase name="test3" time="6.751" classname="com.automationcicd.DemoProject.TestClass"/>
</testsuite> <!-- Test -->
