<?xml version="1.0" encoding="UTF-8"?>
<testng-results skipped="0" failed="0" ignored="0" total="3" passed="3">
  <reporter-output>
  </reporter-output>
  <suite name="Default suite" duration-ms="35306" started-at="2019-07-06T07:03:14Z" finished-at="2019-07-06T07:03:50Z">
    <groups>
    </groups>
    <test name="Default test" duration-ms="35306" started-at="2019-07-06T07:03:14Z" finished-at="2019-07-06T07:03:50Z">
      <class name="com.automationcicd.DemoProject.TestClass">
        <test-method status="PASS" signature="launchDriver()[pri:0, instance:com.automationcicd.DemoProject.TestClass@61832929]" name="launchDriver" is-config="true" duration-ms="5657" started-at="2019-07-06T07:03:15Z" finished-at="2019-07-06T07:03:20Z">
          <reporter-output>
          </reporter-output>
        </test-method> <!-- launchDriver -->
        <test-method status="PASS" signature="test1()[pri:0, instance:com.automationcicd.DemoProject.TestClass@61832929]" name="test1" duration-ms="6638" started-at="2019-07-06T07:03:20Z" finished-at="2019-07-06T07:03:27Z">
          <reporter-output>
          </reporter-output>
        </test-method> <!-- test1 -->
        <test-method status="PASS" signature="launchDriver()[pri:0, instance:com.automationcicd.DemoProject.TestClass@61832929]" name="launchDriver" is-config="true" duration-ms="2941" started-at="2019-07-06T07:03:27Z" finished-at="2019-07-06T07:03:30Z">
          <reporter-output>
          </reporter-output>
        </test-method> <!-- launchDriver -->
        <test-method status="PASS" signature="test2()[pri:0, instance:com.automationcicd.DemoProject.TestClass@61832929]" name="test2" duration-ms="6377" started-at="2019-07-06T07:03:30Z" finished-at="2019-07-06T07:03:36Z">
          <reporter-output>
          </reporter-output>
        </test-method> <!-- test2 -->
        <test-method status="PASS" signature="launchDriver()[pri:0, instance:com.automationcicd.DemoProject.TestClass@61832929]" name="launchDriver" is-config="true" duration-ms="2969" started-at="2019-07-06T07:03:36Z" finished-at="2019-07-06T07:03:39Z">
          <reporter-output>
          </reporter-output>
        </test-method> <!-- launchDriver -->
        <test-method status="PASS" signature="test3()[pri:0, instance:com.automationcicd.DemoProject.TestClass@61832929]" name="test3" duration-ms="10628" started-at="2019-07-06T07:03:39Z" finished-at="2019-07-06T07:03:50Z">
          <reporter-output>
          </reporter-output>
        </test-method> <!-- test3 -->
      </class> <!-- com.automationcicd.DemoProject.TestClass -->
    </test> <!-- Default test -->
  </suite> <!-- Default suite -->
</testng-results>
